<?xml version="1.0" encoding="UTF-8"?>
<robot generator="Robot 7.0 (Python 3.10.12 on linux)" generated="2024-05-22T17:13:59.308655" rpa="false" schemaversion="5">
<suite id="s1" name="Tests" source="/home/laura/robot/ProjetoQaCoders/DesbravadoresRobot/tests">
<suite id="s1-s1" name="Primeiroteste" source="/home/laura/robot/ProjetoQaCoders/DesbravadoresRobot/tests/primeiroteste.robot">
<kw name="Set Global Variable" owner="BuiltIn" type="SETUP">
<msg time="2024-05-22T17:13:59.503149" level="INFO">${nome_aleatorio} = Gerar Nome Aleatório</msg>
<arg>${nome_aleatorio}</arg>
<arg>Gerar Nome Aleatório</arg>
<doc>Makes a variable available globally in all tests and suites.</doc>
<status status="PASS" start="2024-05-22T17:13:59.502705" elapsed="0.000481"/>
</kw>
<test id="s1-s1-t1" name="05- Cadastro de Diretoria" line="32">
<kw name="Realizar Login com sucesso" owner="testandoweb">
<kw name="Open Browser" owner="SeleniumLibrary">
<msg time="2024-05-22T17:13:59.504393" level="INFO">Opening browser 'chrome' to base url 'https://automacao.qacoders-academy.com.br/login'.</msg>
<arg>${url}</arg>
<arg>browser=chrome</arg>
<doc>Opens a new browser instance to the optional ``url``.</doc>
<status status="PASS" start="2024-05-22T17:13:59.504239" elapsed="0.738348"/>
</kw>
<kw name="Maximize Browser Window" owner="SeleniumLibrary">
<doc>Maximizes current browser window.</doc>
<status status="PASS" start="2024-05-22T17:14:00.242849" elapsed="0.021609"/>
</kw>
<kw name="Input Text" owner="SeleniumLibrary">
<msg time="2024-05-22T17:14:00.265853" level="INFO">Typing text 'sysadmin@qacoders.com' into text field '//*[@id="email"]'.</msg>
<arg>${logarPagina.campoEmail}</arg>
<arg>${preencherDados.campoEmail}</arg>
<doc>Types the given ``text`` into the text field identified by ``locator``.</doc>
<status status="PASS" start="2024-05-22T17:14:00.264782" elapsed="0.090689"/>
</kw>
<kw name="Input Text" owner="SeleniumLibrary">
<msg time="2024-05-22T17:14:00.357422" level="INFO">Typing text '1234@Test' into text field '//*[@id="password"]'.</msg>
<arg>${logarPagina.campoSenha}</arg>
<arg>${preencherDados.campoSenha}</arg>
<doc>Types the given ``text`` into the text field identified by ``locator``.</doc>
<status status="PASS" start="2024-05-22T17:14:00.355820" elapsed="0.051985"/>
</kw>
<kw name="Sleep" owner="BuiltIn">
<msg time="2024-05-22T17:14:03.408323" level="INFO">Slept 3 seconds.</msg>
<arg>3</arg>
<doc>Pauses the test executed for the given time.</doc>
<status status="PASS" start="2024-05-22T17:14:00.408017" elapsed="3.000401"/>
</kw>
<kw name="Click Element" owner="SeleniumLibrary">
<msg time="2024-05-22T17:14:03.409019" level="INFO">Clicking element '//button[@type='submit']'.</msg>
<arg>${logarPagina.btnEntrar}</arg>
<doc>Click the element identified by ``locator``.</doc>
<status status="PASS" start="2024-05-22T17:14:03.408577" elapsed="0.030077"/>
</kw>
<kw name="Sleep" owner="BuiltIn">
<msg time="2024-05-22T17:14:06.439388" level="INFO">Slept 3 seconds.</msg>
<arg>3</arg>
<doc>Pauses the test executed for the given time.</doc>
<status status="PASS" start="2024-05-22T17:14:03.438965" elapsed="3.000568"/>
</kw>
<status status="PASS" start="2024-05-22T17:13:59.503605" elapsed="6.936044"/>
</kw>
<kw name="Gerar Nome Aleatório" owner="testandoweb">
<kw name="Generate Random String" owner="String">
<msg time="2024-05-22T17:14:06.440508" level="INFO">${primeiro_nome} = ]wsla]el</msg>
<var>${primeiro_nome}</var>
<arg>8</arg>
<arg>[lowercase]</arg>
<doc>Generates a string with a desired ``length`` from the given ``chars``.</doc>
<status status="PASS" start="2024-05-22T17:14:06.440273" elapsed="0.000257"/>
</kw>
<kw name="Generate Random String" owner="String">
<msg time="2024-05-22T17:14:06.440741" level="INFO">${segundo_nome} = rasecrow</msg>
<var>${segundo_nome}</var>
<arg>8</arg>
<arg>[lowercase]</arg>
<doc>Generates a string with a desired ``length`` from the given ``chars``.</doc>
<status status="PASS" start="2024-05-22T17:14:06.440624" elapsed="0.000132"/>
</kw>
<kw name="Catenate" owner="BuiltIn">
<msg time="2024-05-22T17:14:06.441010" level="INFO">${nome_gerado} = ]wsla]el " " rasecrow</msg>
<var>${nome_gerado}</var>
<arg>${primeiro_nome}</arg>
<arg>" "</arg>
<arg>${segundo_nome}</arg>
<doc>Catenates the given items together and returns the resulted string.</doc>
<status status="PASS" start="2024-05-22T17:14:06.440844" elapsed="0.000183"/>
</kw>
<kw>
<msg time="2024-05-22T17:14:06.441139" level="FAIL">Keyword name cannot be empty.</msg>
<var>${nome_gerado}</var>
<status status="FAIL" start="2024-05-22T17:14:06.441119" elapsed="0.000051">Keyword name cannot be empty.</status>
</kw>
<status status="FAIL" start="2024-05-22T17:14:06.439922" elapsed="0.001341">Keyword name cannot be empty.</status>
</kw>
<kw name="Cadastro de diretoria" owner="testandoweb">
<status status="NOT RUN" start="2024-05-22T17:14:06.441459" elapsed="0.000024"/>
</kw>
<kw name="Pesquisar cadastro diretoria" owner="testandoweb">
<status status="NOT RUN" start="2024-05-22T17:14:06.441590" elapsed="0.000015"/>
</kw>
<status status="FAIL" start="2024-05-22T17:13:59.503281" elapsed="6.938437">Keyword name cannot be empty.</status>
</test>
<status status="FAIL" start="2024-05-22T17:13:59.319687" elapsed="7.122312"/>
</suite>
<status status="FAIL" start="2024-05-22T17:13:59.309281" elapsed="7.133042"/>
</suite>
<statistics>
<total>
<stat pass="0" fail="1" skip="0">All Tests</stat>
</total>
<tag>
</tag>
<suite>
<stat pass="0" fail="1" skip="0" id="s1" name="Tests">Tests</stat>
<stat pass="0" fail="1" skip="0" id="s1-s1" name="Primeiroteste">Tests.Primeiroteste</stat>
</suite>
</statistics>
<errors>
</errors>
</robot>
